StandAloneBrowse::GetBrowseData()
IsJsonString() in=<?xml version="1.0" encoding="UTF-8" ?> 
 <DevInfo Action="Set" Persist="true">
 <Subsystem Name="Funk Security">
 <Group Name="Profile" Instance="Profile_1">
  	<Field Name="SSID">SUPPORT</Field> 
  	<Field Name="8021x">None</Field>
	<Field Name="Association">WPA</Field>
	<Field Name="Encryption">TKIP</Field>
	<Field Name="PreSharedKey" Encrypt="binary.base64">dzcrvPwmAWjcJAOO75RQEQ==</Field>
</Group>
</Subsystem>
<Subsystem Name="IQueue">
  	<Field Name="Associated Server IP">192.168.128.5</Field> 
</Subsystem>
</DevInfo>
IsJsonString() out=False
PrepareXmlContent() in=<?xml version="1.0" encoding="UTF-8" ?> 
 <DevInfo Action="Set" Persist="true">
 <Subsystem Name="Funk Security">
 <Group Name="Profile" Instance="Profile_1">
  	<Field Name="SSID">SUPPORT</Field> 
  	<Field Name="8021x">None</Field>
	<Field Name="Association">WPA</Field>
	<Field Name="Encryption">TKIP</Field>
	<Field Name="PreSharedKey" Encrypt="binary.base64">dzcrvPwmAWjcJAOO75RQEQ==</Field>
</Group>
</Subsystem>
<Subsystem Name="IQueue">
  	<Field Name="Associated Server IP">192.168.128.5</Field> 
</Subsystem>
</DevInfo>
PrepareXmlContent out=<Subsystem Name="Funk Security">
  <Group Name="Profile" Instance="Profile_1">
    <Field Name="SSID">SUPPORT</Field>
    <Field Name="8021x">None</Field>
    <Field Name="Association">WPA</Field>
    <Field Name="Encryption">TKIP</Field>
    <Field Name="PreSharedKey" Encrypt="binary.base64">dzcrvPwmAWjcJAOO75RQEQ==</Field>
  </Group>
</Subsystem><Subsystem Name="IQueue">
  <Field Name="Associated Server IP">192.168.128.5</Field>
</Subsystem>
MainViewModel::GetBarCodeData()
page 0: 
page 1: <Subsystem Name="Funk Security">
  <Group Name="Profile" Instance="Profile_1">
    <Field Name="SSID">SUPPORT</Field>
    <Field Name="8021x">None</Field>
    <Field Name="Association">WPA</Field>
    <Field Name="Encryption">TKIP</Field>
    <Field Name="PreSharedKey" Encrypt="binary.base64">dzcrvPwmAWjcJAOO75RQEQ==</Field>
  </Group>
</Subsystem><Subsystem Name="IQueue">
  <Field Name="Associated Server IP">192.168.128.5</Field>
</Subsystem>
page 2: <Subsystem Name="Funk Security">
  <Group Name="Profile" Instance="Profile_1">
    <Field Name="SSID">SUPPORT</Field>
    <Field Name="8021x">None</Field>
    <Field Name="Association">WPA</Field>
    <Field Name="Encryption">TKIP</Field>
    <Field Name="PreSharedKey" Encrypt="binary.base64">dzcrvPwmAWjcJAOO75RQEQ==</Field>
  </Group>
</Subsystem><Subsystem Name="IQueue">
  <Field Name="Associated Server IP">192.168.128.5</Field>
</Subsystem>
WrapXmlInDevInfo() in=<Subsystem Name="Funk Security">
  <Group Name="Profile" Instance="Profile_1">
    <Field Name="SSID">SUPPORT</Field>
    <Field Name="8021x">None</Field>
    <Field Name="Association">WPA</Field>
    <Field Name="Encryption">TKIP</Field>
    <Field Name="PreSharedKey" Encrypt="binary.base64">dzcrvPwmAWjcJAOO75RQEQ==</Field>
  </Group>
</Subsystem><Subsystem Name="IQueue">
  <Field Name="Associated Server IP">192.168.128.5</Field>
</Subsystem>
WrapXmlInDevInfo() out=<DevInfo><Subsystem Name="Funk Security">
  <Group Name="Profile" Instance="Profile_1">
    <Field Name="SSID">SUPPORT</Field>
    <Field Name="8021x">None</Field>
    <Field Name="Association">WPA</Field>
    <Field Name="Encryption">TKIP</Field>
    <Field Name="PreSharedKey" Encrypt="binary.base64">dzcrvPwmAWjcJAOO75RQEQ==</Field>
  </Group>
</Subsystem><Subsystem Name="IQueue">
  <Field Name="Associated Server IP">192.168.128.5</Field>
</Subsystem></DevInfo>
BarcodeOptionViewModel::Update()
data=<DevInfo><Subsystem Name="Funk Security">
  <Group Name="Profile" Instance="Profile_1">
    <Field Name="SSID">SUPPORT</Field>
    <Field Name="8021x">None</Field>
    <Field Name="Association">WPA</Field>
    <Field Name="Encryption">TKIP</Field>
    <Field Name="PreSharedKey" Encrypt="binary.base64">dzcrvPwmAWjcJAOO75RQEQ==</Field>
  </Group>
</Subsystem><Subsystem Name="IQueue">
  <Field Name="Associated Server IP">192.168.128.5</Field>
</Subsystem></DevInfo>
 instructions=
 pass=
 version=3
Common.UsingJson=False
SetSourceName=WLAN_support.xml
IsNoReboot=False
IsNoStartBarcode=False
BarcodeOptionViewModel::Update()
data=<DevInfo>
  <Subsystem Name="Funk Security">
    <Group Name="Profile" Instance="Profile_1">
      <Field Name="SSID">SUPPORT</Field>
      <Field Name="8021x">None</Field>
      <Field Name="Association">WPA</Field>
      <Field Name="Encryption">TKIP</Field>
      <Field Name="PreSharedKey" Encrypt="binary.base64">dzcrvPwmAWjcJAOO75RQEQ==</Field>
    </Group>
  </Subsystem>
  <Subsystem Name="IQueue">
    <Field Name="Associated Server IP">192.168.128.5</Field>
  </Subsystem>
  <Subsystem Name="SS_Client">
    <Group Name="Download">
      <Field Name="ProcessNow">True</Field>
    </Group>
  </Subsystem>
</DevInfo>
 instructions=myNotes
 pass=myPass
 version=3
Common.UsingJson=False
SetSourceName=WLAN_support.xml
IsNoReboot=True
IsNoStartBarcode=True
